<?xml version="1.0" encoding="UTF-8"?>
<!-- Generated by org.testng.reporters.JUnitReportReporter -->
<testsuite hostname="Admin" name="com.qa.testcases.ContactPageTest" tests="1" failures="0" timestamp="24 Aug 2020 23:58:33 GMT" time="0.004" errors="1">
  <testcase name="contactpagetest" time="0.004" classname="com.qa.testcases.ContactPageTest"/>
</testsuite> <!-- com.qa.testcases.ContactPageTest -->
