<?xml version="1.0" encoding="UTF-8"?>
<!-- Generated by org.testng.reporters.JUnitReportReporter -->
<testsuite hostname="Admin" name="com.qa.testcases.ContactPageTest" tests="1" failures="0" timestamp="26 Aug 2020 03:55:47 GMT" time="0.001" errors="1">
  <testcase name="contactpagetest" time="0.001" classname="com.qa.testcases.ContactPageTest"/>
</testsuite> <!-- com.qa.testcases.ContactPageTest -->
