<?xml version="1.0" encoding="UTF-8"?>
<!-- Generated by org.testng.reporters.JUnitReportReporter -->
<testsuite hostname="Admin" name="com.qa.testcases.LoginTestcase" tests="1" failures="0" timestamp="26 Aug 2020 03:55:47 GMT" time="17.983" errors="0">
  <testcase name="loginpagetest" time="17.983" classname="com.qa.testcases.LoginTestcase"/>
</testsuite> <!-- com.qa.testcases.LoginTestcase -->
